{"level":"fatal","time":"2022-01-14T09:42:19.963+0800","caller":"/Users/mongia/workspace/pharmacyERP/src/main.go:49","msg":"load config failed","serviceName":"pharmacyerp","err":"open ./runtime/config/pharmacyerp.yaml: no such file or directory"}
{"level":"fatal","time":"2022-01-14T09:44:16.785+0800","caller":"/Users/mongia/workspace/pharmacyERP/src/main.go:49","msg":"load config failed","serviceName":"pharmacyerp","err":"open ./runtime/config/pharmacyerp.yaml: no such file or directory"}
{"level":"fatal","time":"2022-01-14T09:48:47.715+0800","caller":"/Users/mongia/workspace/pharmacyERP/src/main.go:31","msg":"load config failed","serviceName":"pharmacyerp","err":"open ./runtime/config/pharmacyerp.yaml: no such file or directory"}
{"level":"info","time":"2022-01-14T09:56:16.972+0800","caller":"/Users/mongia/workspace/pharmacyERP/src/main.go:73","msg":"server run","serviceName":"pharmacyerp"}
{"level":"info","time":"2022-01-14T09:57:31.226+0800","caller":"/Users/mongia/workspace/pharmacyERP/src/task/user/create_user_info_task.go:83","msg":"CreateUserInfo","serviceName":"pharmacyerp","Request":{"username":"mongia","password":"test","telephone":"17712345678","salt":"asdbha","nickname":"mongia","sex":1,"born_date":1641266428,"icon":"icon","card_type":1,"card":"123123123123123"},"Response":{"msg":"success"}}
{"level":"info","time":"2022-01-14T10:03:01.056+0800","caller":"/Users/mongia/workspace/pharmacyERP/src/task/user/create_user_info_task.go:83","msg":"CreateUserInfo","serviceName":"pharmacyerp","Request":{"username":"mongia","password":"test","telephone":"17712345678","salt":"asdbha","nickname":"mongia","sex":1,"born_date":1641266428,"icon":"icon","card_type":1,"card":"123123123123123"},"Response":{"msg":"success"}}
{"level":"info","time":"2022-01-14T10:09:36.026+0800","caller":"/Users/mongia/workspace/pharmacyERP/src/main.go:73","msg":"server run","serviceName":"pharmacyerp"}
{"level":"info","time":"2022-01-14T10:09:42.505+0800","caller":"/Users/mongia/workspace/pharmacyERP/src/task/user/create_user_info_task.go:84","msg":"CreateUserInfo","serviceName":"pharmacyerp","Request":{"username":"mongia","password":"test","telephone":"17712345678","salt":"asdbha","nickname":"mongia","sex":1,"born_date":1641266428,"icon":"icon","card_type":1,"card":"123123123123123"},"Response":{"msg":"success"}}
{"level":"info","time":"2022-01-14T10:21:00.203+0800","caller":"/Users/mongia/workspace/pharmacyERP/src/main.go:73","msg":"server run","serviceName":"pharmacyerp"}
{"level":"info","time":"2022-01-14T10:21:03.431+0800","caller":"/Users/mongia/workspace/pharmacyERP/src/task/user/create_user_info_task.go:33","msg":"1","serviceName":"pharmacyerp"}
{"level":"info","time":"2022-01-14T10:21:03.431+0800","caller":"/Users/mongia/workspace/pharmacyERP/src/task/user/create_user_info_task.go:86","msg":"CreateUserInfo","serviceName":"pharmacyerp","Request":{"username":"mongia","password":"test","telephone":"17712345678","salt":"asdbha","nickname":"mongia","sex":1,"born_date":1641266428,"icon":"icon","card_type":1,"card":"123123123123123"},"Response":{"msg":"success"}}
{"level":"info","time":"2022-01-14T10:24:02.351+0800","caller":"/Users/mongia/workspace/pharmacyERP/src/main.go:73","msg":"server run","serviceName":"pharmacyerp"}
{"level":"info","time":"2022-01-14T10:24:32.179+0800","caller":"/Users/mongia/workspace/pharmacyERP/src/task/user/create_user_info_task.go:33","msg":"1","serviceName":"pharmacyerp"}
{"level":"info","time":"2022-01-14T10:24:32.179+0800","caller":"/Users/mongia/workspace/pharmacyERP/src/task/user/create_user_info_task.go:35","msg":"[param] rpc request param error","serviceName":"pharmacyerp"}
{"level":"info","time":"2022-01-14T10:24:32.179+0800","caller":"/Users/mongia/workspace/pharmacyERP/src/task/user/create_user_info_task.go:84","msg":"CreateUserInfo","serviceName":"pharmacyerp","Request":{"username":"mongia","password":"test","telephone":"17712345678","salt":"asdbha","nickname":"mongia","sex":1,"born_date":1641266428,"icon":"icon","card_type":1,"card":"123123123123123"},"Response":{"msg":"success"}}
{"level":"info","time":"2022-01-14T10:29:06.506+0800","caller":"/Users/mongia/workspace/pharmacyERP/src/main.go:73","msg":"server run","serviceName":"pharmacyerp"}
{"level":"debug","time":"2022-01-14T10:29:09.025+0800","caller":"/Users/mongia/workspace/pharmacyERP/src/task/user/create_user_info_task.go:34","msg":"[param] rpc request param error","serviceName":"pharmacyerp"}
{"level":"info","time":"2022-01-14T10:29:09.026+0800","caller":"/Users/mongia/workspace/pharmacyERP/src/task/user/create_user_info_task.go:83","msg":"CreateUserInfo","serviceName":"pharmacyerp","Request":{"username":"mongia","password":"test","telephone":"17712345678","salt":"asdbha","nickname":"mongia","sex":1,"born_date":1641266428,"icon":"icon","card_type":1,"card":"123123123123123"},"Response":{"code":100001,"msg":"input param error"}}
{"level":"info","time":"2022-01-14T10:35:28.463+0800","caller":"/Users/mongia/workspace/pharmacyERP/src/main.go:73","msg":"server run","serviceName":"pharmacyerp"}
{"level":"info","time":"2022-01-14T10:35:34.102+0800","caller":"/Users/mongia/workspace/pharmacyERP/src/task/user/create_user_info_task.go:82","msg":"CreateUserInfo","serviceName":"pharmacyerp","Request":{"username":"mongia","password":"test","telephone":"17712345678","salt":"asdbha","nickname":"mongia","sex":1,"born_date":1641266428,"icon":"icon","card_type":1,"card":"123123123123123"},"Response":{"msg":"success"}}
{"level":"info","time":"2022-01-14T10:36:52.718+0800","caller":"/Users/mongia/workspace/pharmacyERP/src/main.go:73","msg":"server run","serviceName":"pharmacyerp"}
{"level":"debug","time":"2022-01-14T10:36:55.378+0800","caller":"/Users/mongia/workspace/pharmacyERP/src/task/user/create_user_info_task.go:58","msg":"Error 1062: Duplicate entry 'mongia' for key 'username'","serviceName":"pharmacyerp"}
{"level":"info","time":"2022-01-14T10:36:55.378+0800","caller":"/Users/mongia/workspace/pharmacyERP/src/task/user/create_user_info_task.go:82","msg":"CreateUserInfo","serviceName":"pharmacyerp","Request":{"username":"mongia","password":"test","telephone":"17712345678","salt":"asdbha","nickname":"mongia","sex":1,"born_date":1641266428,"icon":"icon","card_type":1,"card":"123123123123123"},"Response":{"code":200001,"msg":"db error"}}
{"level":"info","time":"2022-01-14T10:57:27.414+0800","caller":"/Users/mongia/workspace/pharmacyERP/src/main.go:73","msg":"server run","serviceName":"pharmacyerp"}
{"level":"info","time":"2022-01-14T10:57:32.265+0800","caller":"/Users/mongia/workspace/pharmacyERP/src/task/user/create_user_info_task.go:84","msg":"CreateUserInfo","serviceName":"pharmacyerp","Request":{"username":"mongia","password":"test","telephone":"17712345678","salt":"asdbha","nickname":"mongia","sex":1,"born_date":1641266428,"icon":"icon","card_type":1,"card":"123123123123123"},"Response":{"msg":"success","data":{"user_id":6}}}
{"level":"warn","time":"2022-01-14T10:59:43.827+0800","caller":"/Users/mongia/workspace/pharmacyERP/src/task/user/get_user_info_by_id_task.go:42","msg":"dial tcp :0: connect: can't assign requested address","serviceName":"pharmacyerp"}
{"level":"debug","time":"2022-01-14T10:59:43.836+0800","caller":"/Users/mongia/workspace/pharmacyERP/src/task/user/get_user_info_by_id_task.go:69","msg":"[scanner]: empty result","serviceName":"pharmacyerp"}
{"level":"info","time":"2022-01-14T10:59:43.836+0800","caller":"/Users/mongia/workspace/pharmacyERP/src/task/user/get_user_info_by_id_task.go:85","msg":"GetUserInfoByID","serviceName":"pharmacyerp","Request":{"user_id":6},"Response":{"code":200001,"msg":"db error"}}
{"level":"info","time":"2022-01-14T11:04:18.882+0800","caller":"/Users/mongia/workspace/pharmacyERP/src/main.go:73","msg":"server run","serviceName":"pharmacyerp"}
{"level":"warn","time":"2022-01-14T11:04:31.640+0800","caller":"/Users/mongia/workspace/pharmacyERP/src/task/user/get_user_info_by_id_task.go:42","msg":"read tcp 127.0.0.1:56402->127.0.0.1:6379: i/o timeout","serviceName":"pharmacyerp"}
{"level":"debug","time":"2022-01-14T11:04:31.643+0800","caller":"/Users/mongia/workspace/pharmacyERP/src/task/user/get_user_info_by_id_task.go:69","msg":"[scanner]: empty result","serviceName":"pharmacyerp"}
{"level":"info","time":"2022-01-14T11:04:31.643+0800","caller":"/Users/mongia/workspace/pharmacyERP/src/task/user/get_user_info_by_id_task.go:85","msg":"GetUserInfoByID","serviceName":"pharmacyerp","Request":{"user_id":6},"Response":{"code":200001,"msg":"db error"}}
{"level":"info","time":"2022-01-14T11:11:52.970+0800","caller":"/Users/mongia/workspace/pharmacyERP/src/main.go:73","msg":"server run","serviceName":"pharmacyerp"}
{"level":"warn","time":"2022-01-14T11:11:56.227+0800","caller":"/Users/mongia/workspace/pharmacyERP/src/task/user/get_user_info_by_id_task.go:43","msg":"read tcp 127.0.0.1:58042->127.0.0.1:6379: i/o timeout","serviceName":"pharmacyerp"}
{"level":"warn","time":"2022-01-14T11:11:56.229+0800","caller":"/Users/mongia/workspace/pharmacyERP/src/task/user/get_user_info_by_id_task.go:78","msg":"read tcp 127.0.0.1:58043->127.0.0.1:6379: i/o timeout","serviceName":"pharmacyerp"}
{"level":"info","time":"2022-01-14T11:11:56.229+0800","caller":"/Users/mongia/workspace/pharmacyERP/src/task/user/get_user_info_by_id_task.go:86","msg":"GetUserInfoByID","serviceName":"pharmacyerp","Request":{"user_id":6},"Response":{"msg":"success","data":{"user_id":6,"username":"mongia","password":"test","telephone":"17712345678","salt":"asdbha","nickname":"mongia","sex":1,"born_date":1641266428,"icon":"icon","card_type":1,"card":"123123123123123","create_time":"2022-01-14 02:57:32","update_time":"2022-01-14 02:57:32"}}}
{"level":"info","time":"2022-01-14T11:14:08.887+0800","caller":"/Users/mongia/workspace/pharmacyERP/src/main.go:73","msg":"server run","serviceName":"pharmacyerp"}
{"level":"warn","time":"2022-01-14T11:14:11.472+0800","caller":"/Users/mongia/workspace/pharmacyERP/src/task/user/get_user_info_by_id_task.go:43","msg":"redigo.ScanStruct: value must be non-nil pointer to a struct","serviceName":"pharmacyerp"}
{"level":"warn","time":"2022-01-14T11:14:11.475+0800","caller":"/Users/mongia/workspace/pharmacyERP/src/task/user/get_user_info_by_id_task.go:78","msg":"ERR wrong number of arguments for 'hmset' command","serviceName":"pharmacyerp"}
{"level":"info","time":"2022-01-14T11:14:11.475+0800","caller":"/Users/mongia/workspace/pharmacyERP/src/task/user/get_user_info_by_id_task.go:86","msg":"GetUserInfoByID","serviceName":"pharmacyerp","Request":{"user_id":6},"Response":{"msg":"success","data":{"user_id":6,"username":"mongia","password":"test","telephone":"17712345678","salt":"asdbha","nickname":"mongia","sex":1,"born_date":1641266428,"icon":"icon","card_type":1,"card":"123123123123123","create_time":"2022-01-14 02:57:32","update_time":"2022-01-14 02:57:32"}}}
{"level":"info","time":"2022-01-14T11:18:12.092+0800","caller":"/Users/mongia/workspace/pharmacyERP/src/main.go:73","msg":"server run","serviceName":"pharmacyerp"}
{"level":"info","time":"2022-01-14T11:18:17.876+0800","caller":"/Users/mongia/workspace/pharmacyERP/src/main.go:73","msg":"server run","serviceName":"pharmacyerp"}
{"level":"info","time":"2022-01-14T11:18:24.113+0800","caller":"/Users/mongia/workspace/pharmacyERP/src/task/user/get_user_info_by_id_task.go:86","msg":"GetUserInfoByID","serviceName":"pharmacyerp","Request":{"user_id":6},"Response":{"msg":"success","data":{}}}
{"level":"fatal","time":"2022-01-21T08:43:24.414+0800","caller":"/Users/mongia/workspace/pharmacyERP/src/main.go:37","msg":"mysql init failed","serviceName":"pharmacyerp","err":"dial tcp 127.0.0.1:3306: connect: connection refused"}
{"level":"fatal","time":"2022-01-21T08:43:35.452+0800","caller":"/Users/mongia/workspace/pharmacyERP/src/main.go:37","msg":"mysql init failed","serviceName":"pharmacyerp","err":"dial tcp 127.0.0.1:3306: connect: connection refused"}
{"level":"info","time":"2022-01-21T08:46:16.155+0800","caller":"/Users/mongia/workspace/pharmacyERP/src/main.go:73","msg":"server run","serviceName":"pharmacyerp"}
{"level":"debug","time":"2022-01-21T08:47:02.433+0800","caller":"/Users/mongia/workspace/pharmacyERP/src/task/user/create_user_info_task.go:58","msg":"Error 1062: Duplicate entry '17712345678' for key 'telephone'","serviceName":"pharmacyerp"}
{"level":"info","time":"2022-01-21T08:47:02.433+0800","caller":"/Users/mongia/workspace/pharmacyERP/src/task/user/create_user_info_task.go:84","msg":"CreateUserInfo","serviceName":"pharmacyerp","Request":{"username":"mongia1","password":"test","telephone":"17712345678","salt":"asdbha","nickname":"mongia","sex":1,"born_date":1641266428,"icon":"icon","card_type":1,"card":"123123123123123"},"Response":{"code":200001,"msg":"db error"}}
{"level":"info","time":"2022-01-21T08:47:41.744+0800","caller":"/Users/mongia/workspace/pharmacyERP/src/task/user/create_user_info_task.go:84","msg":"CreateUserInfo","serviceName":"pharmacyerp","Request":{"username":"mongia1","password":"test","telephone":"15512345678","salt":"asdbha","nickname":"mongia","sex":1,"born_date":1641266428,"icon":"icon","card_type":1,"card":"123123123123113"},"Response":{"msg":"success","data":{"user_id":8}}}
{"level":"info","time":"2022-01-21T08:52:10.262+0800","caller":"/Users/mongia/workspace/pharmacyERP/src/main.go:73","msg":"server run","serviceName":"pharmacyerp"}
{"level":"debug","time":"2022-01-21T08:52:24.808+0800","caller":"/Users/mongia/workspace/pharmacyERP/src/task/user/get_user_info_task.go:38","msg":"[sql] generate and condition failed","serviceName":"pharmacyerp"}
{"level":"info","time":"2022-01-21T08:52:24.808+0800","caller":"/Users/mongia/workspace/pharmacyERP/src/task/user/get_user_info_task.go:86","msg":"GetUserInfo","serviceName":"pharmacyerp","Request":{"user_items":7,"cond":{"and":{"items":[{"key":1,"logic":2,"ivalue":6}]},"pagesize":10}},"Response":{"code":100001,"msg":"input param error"}}
{"level":"info","time":"2022-01-21T08:58:29.504+0800","caller":"/Users/mongia/workspace/pharmacyERP/src/task/user/get_user_info_task.go:86","msg":"GetUserInfo","serviceName":"pharmacyerp","Request":{"user_items":1,"cond":{"and":{"items":[{"key":1,"logic":2,"vtype":1,"ivalue":6}]},"pagesize":10}},"Response":{"msg":"success"}}
{"level":"info","time":"2022-01-21T09:13:57.667+0800","caller":"/Users/mongia/workspace/pharmacyERP/src/main.go:73","msg":"server run","serviceName":"pharmacyerp"}
{"level":"fatal","time":"2022-01-21T09:14:02.852+0800","caller":"/Users/mongia/workspace/pharmacyERP/src/main.go:66","msg":"falied to listen","serviceName":"pharmacyerp","err":"listen tcp 127.0.0.1:9282: bind: address already in use"}
